<?xml version="1.0" encoding="UTF-8"?>
<!-- Generated by org.testng.reporters.JUnitReportReporter -->
<testsuite hostname="Angler94" name="browserCommands.HandleWindow" tests="1" failures="0" timestamp="10 Jan 2017 08:32:38 GMT" time="101.157" errors="0">
  <testcase name="handleWindow" time="101.157" classname="browserCommands.HandleWindow"/>
</testsuite> <!-- browserCommands.HandleWindow -->
