<?xml version="1.0" encoding="UTF-8"?>
<!-- Generated by org.testng.reporters.JUnitReportReporter -->
<testsuite hostname="Angler94" name="browserCommands.ActionEvents" tests="2" failures="0" timestamp="13 Jan 2017 06:55:59 GMT" time="9.282" errors="0">
  <testcase name="doubleClick" time="3.911" classname="browserCommands.ActionEvents"/>
  <testcase name="selectJqueryItems" time="5.371" classname="browserCommands.ActionEvents"/>
</testsuite> <!-- browserCommands.ActionEvents -->
