<?xml version="1.0" encoding="UTF-8"?>
<!-- Generated by org.testng.reporters.JUnitReportReporter -->
<testsuite hostname="Angler94" name="browserCommands.PracticeForm" tests="1" failures="0" timestamp="3 Jan 2017 05:32:15 GMT" time="25.656" errors="0">
  <testcase name="testForm" time="25.656" classname="browserCommands.PracticeForm"/>
</testsuite> <!-- browserCommands.PracticeForm -->
