<?xml version="1.0" encoding="UTF-8"?>
<!-- Generated by org.testng.reporters.JUnitReportReporter -->
<testsuite hostname="Angler94" name="browserCommands.PracticeForm" tests="1" failures="0" timestamp="9 Jan 2017 10:53:24 GMT" time="26.508" errors="0">
  <testcase name="testForm" time="26.508" classname="browserCommands.PracticeForm"/>
</testsuite> <!-- browserCommands.PracticeForm -->
