<?xml version="1.0" encoding="UTF-8"?>
<!-- Generated by org.testng.reporters.JUnitReportReporter -->
<testsuite hostname="Angler94" name="browserCommands.BrowserTest" tests="8" failures="0" timestamp="9 Jan 2017 12:00:16 GMT" time="78.786" errors="4">
  <testcase name="checkradioOperations" time="0.000" classname="browserCommands.BrowserTest">
    <error type="org.openqa.selenium.WebDriverException" message="Failed to connect to binary FirefoxBinary(C:\Program Files\Mozilla Firefox\firefox.exe) on port 7055; process output follows: 
n.png&quot;,&quot;48&quot;:&quot;icon.png&quot;},&quot;iconURL&quot;:null,&quot;icon64URL&quot;:null,&quot;defaultLocale&quot;:{&quot;name&quot;:&quot;Default&quot;,&quot;description&quot;:&quot;The default theme.&quot;,&quot;creator&quot;:&quot;Mozilla&quot;,&quot;homepageURL&quot;:null,&quot;contributors&quot;:[&quot;Mozilla Contributors&quot;]},&quot;visible&quot;:true,&quot;active&quot;:true,&quot;userDisabled&quot;:false,&quot;appDisabled&quot;:false,&quot;descriptor&quot;:&quot;C:\\Program Files\\Mozilla Firefox\\browser\\extensions\\{972ce4c6-7e08-4474-a285-3208198ce6fd}.xpi&quot;,&quot;installDate&quot;:1481860246898,&quot;updateDate&quot;:1481860246898,&quot;applyBackgroundUpdates&quot;:1,&quot;skinnable&quot;:true,&quot;size&quot;:21152,&quot;sourceURI&quot;:null,&quot;releaseNotesURI&quot;:null,&quot;softDisabled&quot;:false,&quot;foreignInstall&quot;:false,&quot;hasBinaryComponents&quot;:false,&quot;strictCompatibility&quot;:true,&quot;locales&quot;:[],&quot;targetApplications&quot;:[{&quot;id&quot;:&quot;{ec8030f7-c20a-464f-9b0e-13a3a9e97384}&quot;,&quot;minVersion&quot;:&quot;50.1.0&quot;,&quot;maxVersion&quot;:&quot;50.1.0&quot;}],&quot;targetPlatforms&quot;:[],&quot;seen&quot;:true}
1483963134244	addons.xpi	DEBUG	getModTime: Recursive scan of {972ce4c6-7e08-4474-a285-3208198ce6fd}
1483963134246	DeferredSave.extensions.json	DEBUG	Save changes
1483963134246	addons.xpi	DEBUG	Updating database with changes to installed add-ons
1483963134246	addons.xpi-utils	DEBUG	Updating add-on states
1483963134247	addons.xpi-utils	DEBUG	Writing add-ons list
1483963134250	addons.xpi	DEBUG	Registering manifest for C:\Program Files\Mozilla Firefox\browser\features\aushelper@mozilla.org.xpi
1483963134250	addons.xpi	DEBUG	Calling bootstrap method startup on aushelper@mozilla.org version 1.0
1483963134251	addons.xpi	DEBUG	Registering manifest for C:\Program Files\Mozilla Firefox\browser\features\e10srollout@mozilla.org.xpi
1483963134252	addons.xpi	DEBUG	Calling bootstrap method startup on e10srollout@mozilla.org version 1.5
1483963134252	addons.xpi	DEBUG	Registering manifest for C:\Program Files\Mozilla Firefox\browser\features\firefox@getpocket.com.xpi
1483963134253	addons.xpi	DEBUG	Calling bootstrap method startup on firefox@getpocket.com version 1.0.5
1483963134254	addons.xpi	DEBUG	Registering manifest for C:\Program Files\Mozilla Firefox\browser\features\webcompat@mozilla.org.xpi
1483963134254	addons.xpi	DEBUG	Calling bootstrap method startup on webcompat@mozilla.org version 1.0
1483963134256	addons.manager	DEBUG	Registering shutdown blocker for XPIProvider
1483963134256	addons.manager	DEBUG	Provider finished startup: XPIProvider
1483963134256	addons.manager	DEBUG	Starting provider: LightweightThemeManager
1483963134257	addons.manager	DEBUG	Registering shutdown blocker for LightweightThemeManager
1483963134258	addons.manager	DEBUG	Provider finished startup: LightweightThemeManager
1483963134258	addons.manager	DEBUG	Starting provider: GMPProvider
1483963134267	addons.manager	DEBUG	Registering shutdown blocker for GMPProvider
1483963134268	addons.manager	DEBUG	Provider finished startup: GMPProvider
1483963134268	addons.manager	DEBUG	Starting provider: PluginProvider
1483963134268	addons.manager	DEBUG	Registering shutdown blocker for PluginProvider
1483963134268	addons.manager	DEBUG	Provider finished startup: PluginProvider
1483963134269	addons.manager	DEBUG	Completed startup sequence
1483963135202	addons.manager	DEBUG	Starting provider: &lt;unnamed-provider&gt;
1483963135203	addons.manager	DEBUG	Registering shutdown blocker for &lt;unnamed-provider&gt;
1483963135203	addons.manager	DEBUG	Provider finished startup: &lt;unnamed-provider&gt;
1483963135205	DeferredSave.extensions.json	DEBUG	Starting write
1483963135379	addons.repository	DEBUG	No addons.json found.
1483963135380	DeferredSave.addons.json	DEBUG	Save changes
1483963135384	DeferredSave.addons.json	DEBUG	Starting timer
1483963135415	addons.manager	DEBUG	Starting provider: PreviousExperimentProvider
1483963135415	addons.manager	DEBUG	Registering shutdown blocker for PreviousExperimentProvider
1483963135415	addons.manager	DEBUG	Provider finished startup: PreviousExperimentProvider
1483963135418	DeferredSave.extensions.json	DEBUG	Write succeeded
1483963135418	addons.xpi-utils	DEBUG	XPI Database saved, setting schema version preference to 17
1483963135447	DeferredSave.addons.json	DEBUG	Starting write
1483963135463	DeferredSave.addons.json	DEBUG	Write succeeded

Build info: version: &#039;2.53.0&#039;, revision: &#039;35ae25b&#039;, time: &#039;2016-03-15 16:57:40&#039;
System info: host: &#039;Angler94&#039;, ip: &#039;192.168.54.2&#039;, os.name: &#039;Windows 10&#039;, os.arch: &#039;amd64&#039;, os.version: &#039;10.0&#039;, java.version: &#039;1.8.0_74&#039;
Driver info: driver.version: FirefoxDriver">
      <![CDATA[org.openqa.selenium.WebDriverException: Failed to connect to binary FirefoxBinary(C:\Program Files\Mozilla Firefox\firefox.exe) on port 7055; process output follows: 
n.png","48":"icon.png"},"iconURL":null,"icon64URL":null,"defaultLocale":{"name":"Default","description":"The default theme.","creator":"Mozilla","homepageURL":null,"contributors":["Mozilla Contributors"]},"visible":true,"active":true,"userDisabled":false,"appDisabled":false,"descriptor":"C:\\Program Files\\Mozilla Firefox\\browser\\extensions\\{972ce4c6-7e08-4474-a285-3208198ce6fd}.xpi","installDate":1481860246898,"updateDate":1481860246898,"applyBackgroundUpdates":1,"skinnable":true,"size":21152,"sourceURI":null,"releaseNotesURI":null,"softDisabled":false,"foreignInstall":false,"hasBinaryComponents":false,"strictCompatibility":true,"locales":[],"targetApplications":[{"id":"{ec8030f7-c20a-464f-9b0e-13a3a9e97384}","minVersion":"50.1.0","maxVersion":"50.1.0"}],"targetPlatforms":[],"seen":true}
1483963134244	addons.xpi	DEBUG	getModTime: Recursive scan of {972ce4c6-7e08-4474-a285-3208198ce6fd}
1483963134246	DeferredSave.extensions.json	DEBUG	Save changes
1483963134246	addons.xpi	DEBUG	Updating database with changes to installed add-ons
1483963134246	addons.xpi-utils	DEBUG	Updating add-on states
1483963134247	addons.xpi-utils	DEBUG	Writing add-ons list
1483963134250	addons.xpi	DEBUG	Registering manifest for C:\Program Files\Mozilla Firefox\browser\features\aushelper@mozilla.org.xpi
1483963134250	addons.xpi	DEBUG	Calling bootstrap method startup on aushelper@mozilla.org version 1.0
1483963134251	addons.xpi	DEBUG	Registering manifest for C:\Program Files\Mozilla Firefox\browser\features\e10srollout@mozilla.org.xpi
1483963134252	addons.xpi	DEBUG	Calling bootstrap method startup on e10srollout@mozilla.org version 1.5
1483963134252	addons.xpi	DEBUG	Registering manifest for C:\Program Files\Mozilla Firefox\browser\features\firefox@getpocket.com.xpi
1483963134253	addons.xpi	DEBUG	Calling bootstrap method startup on firefox@getpocket.com version 1.0.5
1483963134254	addons.xpi	DEBUG	Registering manifest for C:\Program Files\Mozilla Firefox\browser\features\webcompat@mozilla.org.xpi
1483963134254	addons.xpi	DEBUG	Calling bootstrap method startup on webcompat@mozilla.org version 1.0
1483963134256	addons.manager	DEBUG	Registering shutdown blocker for XPIProvider
1483963134256	addons.manager	DEBUG	Provider finished startup: XPIProvider
1483963134256	addons.manager	DEBUG	Starting provider: LightweightThemeManager
1483963134257	addons.manager	DEBUG	Registering shutdown blocker for LightweightThemeManager
1483963134258	addons.manager	DEBUG	Provider finished startup: LightweightThemeManager
1483963134258	addons.manager	DEBUG	Starting provider: GMPProvider
1483963134267	addons.manager	DEBUG	Registering shutdown blocker for GMPProvider
1483963134268	addons.manager	DEBUG	Provider finished startup: GMPProvider
1483963134268	addons.manager	DEBUG	Starting provider: PluginProvider
1483963134268	addons.manager	DEBUG	Registering shutdown blocker for PluginProvider
1483963134268	addons.manager	DEBUG	Provider finished startup: PluginProvider
1483963134269	addons.manager	DEBUG	Completed startup sequence
1483963135202	addons.manager	DEBUG	Starting provider: <unnamed-provider>
1483963135203	addons.manager	DEBUG	Registering shutdown blocker for <unnamed-provider>
1483963135203	addons.manager	DEBUG	Provider finished startup: <unnamed-provider>
1483963135205	DeferredSave.extensions.json	DEBUG	Starting write
1483963135379	addons.repository	DEBUG	No addons.json found.
1483963135380	DeferredSave.addons.json	DEBUG	Save changes
1483963135384	DeferredSave.addons.json	DEBUG	Starting timer
1483963135415	addons.manager	DEBUG	Starting provider: PreviousExperimentProvider
1483963135415	addons.manager	DEBUG	Registering shutdown blocker for PreviousExperimentProvider
1483963135415	addons.manager	DEBUG	Provider finished startup: PreviousExperimentProvider
1483963135418	DeferredSave.extensions.json	DEBUG	Write succeeded
1483963135418	addons.xpi-utils	DEBUG	XPI Database saved, setting schema version preference to 17
1483963135447	DeferredSave.addons.json	DEBUG	Starting write
1483963135463	DeferredSave.addons.json	DEBUG	Write succeeded

Build info: version: '2.53.0', revision: '35ae25b', time: '2016-03-15 16:57:40'
System info: host: 'Angler94', ip: '192.168.54.2', os.name: 'Windows 10', os.arch: 'amd64', os.version: '10.0', java.version: '1.8.0_74'
Driver info: driver.version: FirefoxDriver
	at org.openqa.selenium.firefox.internal.NewProfileExtensionConnection.start(NewProfileExtensionConnection.java:124)
	at org.openqa.selenium.firefox.FirefoxDriver.startClient(FirefoxDriver.java:271)
	at org.openqa.selenium.remote.RemoteWebDriver.<init>(RemoteWebDriver.java:119)
	at org.openqa.selenium.firefox.FirefoxDriver.<init>(FirefoxDriver.java:218)
	at org.openqa.selenium.firefox.FirefoxDriver.<init>(FirefoxDriver.java:211)
	at org.openqa.selenium.firefox.FirefoxDriver.<init>(FirefoxDriver.java:207)
	at org.openqa.selenium.firefox.FirefoxDriver.<init>(FirefoxDriver.java:120)
	at browserCommands.BrowserTest.beforeClass(BrowserTest.java:38)
	at sun.reflect.NativeMethodAccessorImpl.invoke0(Native Method)
	at sun.reflect.NativeMethodAccessorImpl.invoke(NativeMethodAccessorImpl.java:62)
	at sun.reflect.DelegatingMethodAccessorImpl.invoke(DelegatingMethodAccessorImpl.java:43)
	at java.lang.reflect.Method.invoke(Method.java:498)
	at org.testng.internal.MethodInvocationHelper.invokeMethod(MethodInvocationHelper.java:85)
	at org.testng.internal.Invoker.invokeConfigurationMethod(Invoker.java:510)
	at org.testng.internal.Invoker.invokeConfigurations(Invoker.java:211)
	at org.testng.internal.Invoker.invokeConfigurations(Invoker.java:138)
	at org.testng.internal.TestMethodWorker.invokeBeforeClassMethods(TestMethodWorker.java:170)
	at org.testng.internal.TestMethodWorker.run(TestMethodWorker.java:104)
	at org.testng.TestRunner.privateRun(TestRunner.java:774)
	at org.testng.TestRunner.run(TestRunner.java:624)
	at org.testng.SuiteRunner.runTest(SuiteRunner.java:359)
	at org.testng.SuiteRunner.access$000(SuiteRunner.java:39)
	at org.testng.SuiteRunner$SuiteWorker.run(SuiteRunner.java:393)
	at org.testng.internal.thread.ThreadUtil$2.call(ThreadUtil.java:64)
	at java.util.concurrent.FutureTask.run(FutureTask.java:266)
	at java.util.concurrent.ThreadPoolExecutor.runWorker(ThreadPoolExecutor.java:1142)
	at java.util.concurrent.ThreadPoolExecutor$Worker.run(ThreadPoolExecutor.java:617)
	at java.lang.Thread.run(Thread.java:745)
Caused by: org.openqa.selenium.firefox.NotConnectedException: Unable to connect to host 127.0.0.1 on port 7055 after 45000 ms. Firefox console output:
n.png","48":"icon.png"},"iconURL":null,"icon64URL":null,"defaultLocale":{"name":"Default","description":"The default theme.","creator":"Mozilla","homepageURL":null,"contributors":["Mozilla Contributors"]},"visible":true,"active":true,"userDisabled":false,"appDisabled":false,"descriptor":"C:\\Program Files\\Mozilla Firefox\\browser\\extensions\\{972ce4c6-7e08-4474-a285-3208198ce6fd}.xpi","installDate":1481860246898,"updateDate":1481860246898,"applyBackgroundUpdates":1,"skinnable":true,"size":21152,"sourceURI":null,"releaseNotesURI":null,"softDisabled":false,"foreignInstall":false,"hasBinaryComponents":false,"strictCompatibility":true,"locales":[],"targetApplications":[{"id":"{ec8030f7-c20a-464f-9b0e-13a3a9e97384}","minVersion":"50.1.0","maxVersion":"50.1.0"}],"targetPlatforms":[],"seen":true}
1483963134244	addons.xpi	DEBUG	getModTime: Recursive scan of {972ce4c6-7e08-4474-a285-3208198ce6fd}
1483963134246	DeferredSave.extensions.json	DEBUG	Save changes
1483963134246	addons.xpi	DEBUG	Updating database with changes to installed add-ons
1483963134246	addons.xpi-utils	DEBUG	Updating add-on states
1483963134247	addons.xpi-utils	DEBUG	Writing add-ons list
1483963134250	addons.xpi	DEBUG	Registering manifest for C:\Program Files\Mozilla Firefox\browser\features\aushelper@mozilla.org.xpi
1483963134250	addons.xpi	DEBUG	Calling bootstrap method startup on aushelper@mozilla.org version 1.0
1483963134251	addons.xpi	DEBUG	Registering manifest for C:\Program Files\Mozilla Firefox\browser\features\e10srollout@mozilla.org.xpi
1483963134252	addons.xpi	DEBUG	Calling bootstrap method startup on e10srollout@mozilla.org version 1.5
1483963134252	addons.xpi	DEBUG	Registering manifest for C:\Program Files\Mozilla Firefox\browser\features\firefox@getpocket.com.xpi
1483963134253	addons.xpi	DEBUG	Calling bootstrap method startup on firefox@getpocket.com version 1.0.5
1483963134254	addons.xpi	DEBUG	Registering manifest for C:\Program Files\Mozilla Firefox\browser\features\webcompat@mozilla.org.xpi
1483963134254	addons.xpi	DEBUG	Calling bootstrap method startup on webcompat@mozilla.org version 1.0
1483963134256	addons.manager	DEBUG	Registering shutdown blocker for XPIProvider
1483963134256	addons.manager	DEBUG	Provider finished startup: XPIProvider
1483963134256	addons.manager	DEBUG	Starting provider: LightweightThemeManager
1483963134257	addons.manager	DEBUG	Registering shutdown blocker for LightweightThemeManager
1483963134258	addons.manager	DEBUG	Provider finished startup: LightweightThemeManager
1483963134258	addons.manager	DEBUG	Starting provider: GMPProvider
1483963134267	addons.manager	DEBUG	Registering shutdown blocker for GMPProvider
1483963134268	addons.manager	DEBUG	Provider finished startup: GMPProvider
1483963134268	addons.manager	DEBUG	Starting provider: PluginProvider
1483963134268	addons.manager	DEBUG	Registering shutdown blocker for PluginProvider
1483963134268	addons.manager	DEBUG	Provider finished startup: PluginProvider
1483963134269	addons.manager	DEBUG	Completed startup sequence
1483963135202	addons.manager	DEBUG	Starting provider: <unnamed-provider>
1483963135203	addons.manager	DEBUG	Registering shutdown blocker for <unnamed-provider>
1483963135203	addons.manager	DEBUG	Provider finished startup: <unnamed-provider>
1483963135205	DeferredSave.extensions.json	DEBUG	Starting write
1483963135379	addons.repository	DEBUG	No addons.json found.
1483963135380	DeferredSave.addons.json	DEBUG	Save changes
1483963135384	DeferredSave.addons.json	DEBUG	Starting timer
1483963135415	addons.manager	DEBUG	Starting provider: PreviousExperimentProvider
1483963135415	addons.manager	DEBUG	Registering shutdown blocker for PreviousExperimentProvider
1483963135415	addons.manager	DEBUG	Provider finished startup: PreviousExperimentProvider
1483963135418	DeferredSave.extensions.json	DEBUG	Write succeeded
1483963135418	addons.xpi-utils	DEBUG	XPI Database saved, setting schema version preference to 17
1483963135447	DeferredSave.addons.json	DEBUG	Starting write
1483963135463	DeferredSave.addons.json	DEBUG	Write succeeded

	at org.openqa.selenium.firefox.internal.NewProfileExtensionConnection.start(NewProfileExtensionConnection.java:112)
	... 27 more
]]>
    </error>
  </testcase> <!-- checkradioOperations -->
  <testcase name="navigationCmd" time="19.460" classname="browserCommands.BrowserTest"/>
  <testcase name="selectMethods" time="0.000" classname="browserCommands.BrowserTest">
    <error type="org.openqa.selenium.WebDriverException" message="Failed to connect to binary FirefoxBinary(C:\Program Files\Mozilla Firefox\firefox.exe) on port 7055; process output follows: 
n.png&quot;,&quot;48&quot;:&quot;icon.png&quot;},&quot;iconURL&quot;:null,&quot;icon64URL&quot;:null,&quot;defaultLocale&quot;:{&quot;name&quot;:&quot;Default&quot;,&quot;description&quot;:&quot;The default theme.&quot;,&quot;creator&quot;:&quot;Mozilla&quot;,&quot;homepageURL&quot;:null,&quot;contributors&quot;:[&quot;Mozilla Contributors&quot;]},&quot;visible&quot;:true,&quot;active&quot;:true,&quot;userDisabled&quot;:false,&quot;appDisabled&quot;:false,&quot;descriptor&quot;:&quot;C:\\Program Files\\Mozilla Firefox\\browser\\extensions\\{972ce4c6-7e08-4474-a285-3208198ce6fd}.xpi&quot;,&quot;installDate&quot;:1481860246898,&quot;updateDate&quot;:1481860246898,&quot;applyBackgroundUpdates&quot;:1,&quot;skinnable&quot;:true,&quot;size&quot;:21152,&quot;sourceURI&quot;:null,&quot;releaseNotesURI&quot;:null,&quot;softDisabled&quot;:false,&quot;foreignInstall&quot;:false,&quot;hasBinaryComponents&quot;:false,&quot;strictCompatibility&quot;:true,&quot;locales&quot;:[],&quot;targetApplications&quot;:[{&quot;id&quot;:&quot;{ec8030f7-c20a-464f-9b0e-13a3a9e97384}&quot;,&quot;minVersion&quot;:&quot;50.1.0&quot;,&quot;maxVersion&quot;:&quot;50.1.0&quot;}],&quot;targetPlatforms&quot;:[],&quot;seen&quot;:true}
1483963134244	addons.xpi	DEBUG	getModTime: Recursive scan of {972ce4c6-7e08-4474-a285-3208198ce6fd}
1483963134246	DeferredSave.extensions.json	DEBUG	Save changes
1483963134246	addons.xpi	DEBUG	Updating database with changes to installed add-ons
1483963134246	addons.xpi-utils	DEBUG	Updating add-on states
1483963134247	addons.xpi-utils	DEBUG	Writing add-ons list
1483963134250	addons.xpi	DEBUG	Registering manifest for C:\Program Files\Mozilla Firefox\browser\features\aushelper@mozilla.org.xpi
1483963134250	addons.xpi	DEBUG	Calling bootstrap method startup on aushelper@mozilla.org version 1.0
1483963134251	addons.xpi	DEBUG	Registering manifest for C:\Program Files\Mozilla Firefox\browser\features\e10srollout@mozilla.org.xpi
1483963134252	addons.xpi	DEBUG	Calling bootstrap method startup on e10srollout@mozilla.org version 1.5
1483963134252	addons.xpi	DEBUG	Registering manifest for C:\Program Files\Mozilla Firefox\browser\features\firefox@getpocket.com.xpi
1483963134253	addons.xpi	DEBUG	Calling bootstrap method startup on firefox@getpocket.com version 1.0.5
1483963134254	addons.xpi	DEBUG	Registering manifest for C:\Program Files\Mozilla Firefox\browser\features\webcompat@mozilla.org.xpi
1483963134254	addons.xpi	DEBUG	Calling bootstrap method startup on webcompat@mozilla.org version 1.0
1483963134256	addons.manager	DEBUG	Registering shutdown blocker for XPIProvider
1483963134256	addons.manager	DEBUG	Provider finished startup: XPIProvider
1483963134256	addons.manager	DEBUG	Starting provider: LightweightThemeManager
1483963134257	addons.manager	DEBUG	Registering shutdown blocker for LightweightThemeManager
1483963134258	addons.manager	DEBUG	Provider finished startup: LightweightThemeManager
1483963134258	addons.manager	DEBUG	Starting provider: GMPProvider
1483963134267	addons.manager	DEBUG	Registering shutdown blocker for GMPProvider
1483963134268	addons.manager	DEBUG	Provider finished startup: GMPProvider
1483963134268	addons.manager	DEBUG	Starting provider: PluginProvider
1483963134268	addons.manager	DEBUG	Registering shutdown blocker for PluginProvider
1483963134268	addons.manager	DEBUG	Provider finished startup: PluginProvider
1483963134269	addons.manager	DEBUG	Completed startup sequence
1483963135202	addons.manager	DEBUG	Starting provider: &lt;unnamed-provider&gt;
1483963135203	addons.manager	DEBUG	Registering shutdown blocker for &lt;unnamed-provider&gt;
1483963135203	addons.manager	DEBUG	Provider finished startup: &lt;unnamed-provider&gt;
1483963135205	DeferredSave.extensions.json	DEBUG	Starting write
1483963135379	addons.repository	DEBUG	No addons.json found.
1483963135380	DeferredSave.addons.json	DEBUG	Save changes
1483963135384	DeferredSave.addons.json	DEBUG	Starting timer
1483963135415	addons.manager	DEBUG	Starting provider: PreviousExperimentProvider
1483963135415	addons.manager	DEBUG	Registering shutdown blocker for PreviousExperimentProvider
1483963135415	addons.manager	DEBUG	Provider finished startup: PreviousExperimentProvider
1483963135418	DeferredSave.extensions.json	DEBUG	Write succeeded
1483963135418	addons.xpi-utils	DEBUG	XPI Database saved, setting schema version preference to 17
1483963135447	DeferredSave.addons.json	DEBUG	Starting write
1483963135463	DeferredSave.addons.json	DEBUG	Write succeeded

Build info: version: &#039;2.53.0&#039;, revision: &#039;35ae25b&#039;, time: &#039;2016-03-15 16:57:40&#039;
System info: host: &#039;Angler94&#039;, ip: &#039;192.168.54.2&#039;, os.name: &#039;Windows 10&#039;, os.arch: &#039;amd64&#039;, os.version: &#039;10.0&#039;, java.version: &#039;1.8.0_74&#039;
Driver info: driver.version: FirefoxDriver">
      <![CDATA[org.openqa.selenium.WebDriverException: Failed to connect to binary FirefoxBinary(C:\Program Files\Mozilla Firefox\firefox.exe) on port 7055; process output follows: 
n.png","48":"icon.png"},"iconURL":null,"icon64URL":null,"defaultLocale":{"name":"Default","description":"The default theme.","creator":"Mozilla","homepageURL":null,"contributors":["Mozilla Contributors"]},"visible":true,"active":true,"userDisabled":false,"appDisabled":false,"descriptor":"C:\\Program Files\\Mozilla Firefox\\browser\\extensions\\{972ce4c6-7e08-4474-a285-3208198ce6fd}.xpi","installDate":1481860246898,"updateDate":1481860246898,"applyBackgroundUpdates":1,"skinnable":true,"size":21152,"sourceURI":null,"releaseNotesURI":null,"softDisabled":false,"foreignInstall":false,"hasBinaryComponents":false,"strictCompatibility":true,"locales":[],"targetApplications":[{"id":"{ec8030f7-c20a-464f-9b0e-13a3a9e97384}","minVersion":"50.1.0","maxVersion":"50.1.0"}],"targetPlatforms":[],"seen":true}
1483963134244	addons.xpi	DEBUG	getModTime: Recursive scan of {972ce4c6-7e08-4474-a285-3208198ce6fd}
1483963134246	DeferredSave.extensions.json	DEBUG	Save changes
1483963134246	addons.xpi	DEBUG	Updating database with changes to installed add-ons
1483963134246	addons.xpi-utils	DEBUG	Updating add-on states
1483963134247	addons.xpi-utils	DEBUG	Writing add-ons list
1483963134250	addons.xpi	DEBUG	Registering manifest for C:\Program Files\Mozilla Firefox\browser\features\aushelper@mozilla.org.xpi
1483963134250	addons.xpi	DEBUG	Calling bootstrap method startup on aushelper@mozilla.org version 1.0
1483963134251	addons.xpi	DEBUG	Registering manifest for C:\Program Files\Mozilla Firefox\browser\features\e10srollout@mozilla.org.xpi
1483963134252	addons.xpi	DEBUG	Calling bootstrap method startup on e10srollout@mozilla.org version 1.5
1483963134252	addons.xpi	DEBUG	Registering manifest for C:\Program Files\Mozilla Firefox\browser\features\firefox@getpocket.com.xpi
1483963134253	addons.xpi	DEBUG	Calling bootstrap method startup on firefox@getpocket.com version 1.0.5
1483963134254	addons.xpi	DEBUG	Registering manifest for C:\Program Files\Mozilla Firefox\browser\features\webcompat@mozilla.org.xpi
1483963134254	addons.xpi	DEBUG	Calling bootstrap method startup on webcompat@mozilla.org version 1.0
1483963134256	addons.manager	DEBUG	Registering shutdown blocker for XPIProvider
1483963134256	addons.manager	DEBUG	Provider finished startup: XPIProvider
1483963134256	addons.manager	DEBUG	Starting provider: LightweightThemeManager
1483963134257	addons.manager	DEBUG	Registering shutdown blocker for LightweightThemeManager
1483963134258	addons.manager	DEBUG	Provider finished startup: LightweightThemeManager
1483963134258	addons.manager	DEBUG	Starting provider: GMPProvider
1483963134267	addons.manager	DEBUG	Registering shutdown blocker for GMPProvider
1483963134268	addons.manager	DEBUG	Provider finished startup: GMPProvider
1483963134268	addons.manager	DEBUG	Starting provider: PluginProvider
1483963134268	addons.manager	DEBUG	Registering shutdown blocker for PluginProvider
1483963134268	addons.manager	DEBUG	Provider finished startup: PluginProvider
1483963134269	addons.manager	DEBUG	Completed startup sequence
1483963135202	addons.manager	DEBUG	Starting provider: <unnamed-provider>
1483963135203	addons.manager	DEBUG	Registering shutdown blocker for <unnamed-provider>
1483963135203	addons.manager	DEBUG	Provider finished startup: <unnamed-provider>
1483963135205	DeferredSave.extensions.json	DEBUG	Starting write
1483963135379	addons.repository	DEBUG	No addons.json found.
1483963135380	DeferredSave.addons.json	DEBUG	Save changes
1483963135384	DeferredSave.addons.json	DEBUG	Starting timer
1483963135415	addons.manager	DEBUG	Starting provider: PreviousExperimentProvider
1483963135415	addons.manager	DEBUG	Registering shutdown blocker for PreviousExperimentProvider
1483963135415	addons.manager	DEBUG	Provider finished startup: PreviousExperimentProvider
1483963135418	DeferredSave.extensions.json	DEBUG	Write succeeded
1483963135418	addons.xpi-utils	DEBUG	XPI Database saved, setting schema version preference to 17
1483963135447	DeferredSave.addons.json	DEBUG	Starting write
1483963135463	DeferredSave.addons.json	DEBUG	Write succeeded

Build info: version: '2.53.0', revision: '35ae25b', time: '2016-03-15 16:57:40'
System info: host: 'Angler94', ip: '192.168.54.2', os.name: 'Windows 10', os.arch: 'amd64', os.version: '10.0', java.version: '1.8.0_74'
Driver info: driver.version: FirefoxDriver
	at org.openqa.selenium.firefox.internal.NewProfileExtensionConnection.start(NewProfileExtensionConnection.java:124)
	at org.openqa.selenium.firefox.FirefoxDriver.startClient(FirefoxDriver.java:271)
	at org.openqa.selenium.remote.RemoteWebDriver.<init>(RemoteWebDriver.java:119)
	at org.openqa.selenium.firefox.FirefoxDriver.<init>(FirefoxDriver.java:218)
	at org.openqa.selenium.firefox.FirefoxDriver.<init>(FirefoxDriver.java:211)
	at org.openqa.selenium.firefox.FirefoxDriver.<init>(FirefoxDriver.java:207)
	at org.openqa.selenium.firefox.FirefoxDriver.<init>(FirefoxDriver.java:120)
	at browserCommands.BrowserTest.beforeClass(BrowserTest.java:38)
	at sun.reflect.NativeMethodAccessorImpl.invoke0(Native Method)
	at sun.reflect.NativeMethodAccessorImpl.invoke(NativeMethodAccessorImpl.java:62)
	at sun.reflect.DelegatingMethodAccessorImpl.invoke(DelegatingMethodAccessorImpl.java:43)
	at java.lang.reflect.Method.invoke(Method.java:498)
	at org.testng.internal.MethodInvocationHelper.invokeMethod(MethodInvocationHelper.java:85)
	at org.testng.internal.Invoker.invokeConfigurationMethod(Invoker.java:510)
	at org.testng.internal.Invoker.invokeConfigurations(Invoker.java:211)
	at org.testng.internal.Invoker.invokeConfigurations(Invoker.java:138)
	at org.testng.internal.TestMethodWorker.invokeBeforeClassMethods(TestMethodWorker.java:170)
	at org.testng.internal.TestMethodWorker.run(TestMethodWorker.java:104)
	at org.testng.TestRunner.privateRun(TestRunner.java:774)
	at org.testng.TestRunner.run(TestRunner.java:624)
	at org.testng.SuiteRunner.runTest(SuiteRunner.java:359)
	at org.testng.SuiteRunner.access$000(SuiteRunner.java:39)
	at org.testng.SuiteRunner$SuiteWorker.run(SuiteRunner.java:393)
	at org.testng.internal.thread.ThreadUtil$2.call(ThreadUtil.java:64)
	at java.util.concurrent.FutureTask.run(FutureTask.java:266)
	at java.util.concurrent.ThreadPoolExecutor.runWorker(ThreadPoolExecutor.java:1142)
	at java.util.concurrent.ThreadPoolExecutor$Worker.run(ThreadPoolExecutor.java:617)
	at java.lang.Thread.run(Thread.java:745)
Caused by: org.openqa.selenium.firefox.NotConnectedException: Unable to connect to host 127.0.0.1 on port 7055 after 45000 ms. Firefox console output:
n.png","48":"icon.png"},"iconURL":null,"icon64URL":null,"defaultLocale":{"name":"Default","description":"The default theme.","creator":"Mozilla","homepageURL":null,"contributors":["Mozilla Contributors"]},"visible":true,"active":true,"userDisabled":false,"appDisabled":false,"descriptor":"C:\\Program Files\\Mozilla Firefox\\browser\\extensions\\{972ce4c6-7e08-4474-a285-3208198ce6fd}.xpi","installDate":1481860246898,"updateDate":1481860246898,"applyBackgroundUpdates":1,"skinnable":true,"size":21152,"sourceURI":null,"releaseNotesURI":null,"softDisabled":false,"foreignInstall":false,"hasBinaryComponents":false,"strictCompatibility":true,"locales":[],"targetApplications":[{"id":"{ec8030f7-c20a-464f-9b0e-13a3a9e97384}","minVersion":"50.1.0","maxVersion":"50.1.0"}],"targetPlatforms":[],"seen":true}
1483963134244	addons.xpi	DEBUG	getModTime: Recursive scan of {972ce4c6-7e08-4474-a285-3208198ce6fd}
1483963134246	DeferredSave.extensions.json	DEBUG	Save changes
1483963134246	addons.xpi	DEBUG	Updating database with changes to installed add-ons
1483963134246	addons.xpi-utils	DEBUG	Updating add-on states
1483963134247	addons.xpi-utils	DEBUG	Writing add-ons list
1483963134250	addons.xpi	DEBUG	Registering manifest for C:\Program Files\Mozilla Firefox\browser\features\aushelper@mozilla.org.xpi
1483963134250	addons.xpi	DEBUG	Calling bootstrap method startup on aushelper@mozilla.org version 1.0
1483963134251	addons.xpi	DEBUG	Registering manifest for C:\Program Files\Mozilla Firefox\browser\features\e10srollout@mozilla.org.xpi
1483963134252	addons.xpi	DEBUG	Calling bootstrap method startup on e10srollout@mozilla.org version 1.5
1483963134252	addons.xpi	DEBUG	Registering manifest for C:\Program Files\Mozilla Firefox\browser\features\firefox@getpocket.com.xpi
1483963134253	addons.xpi	DEBUG	Calling bootstrap method startup on firefox@getpocket.com version 1.0.5
1483963134254	addons.xpi	DEBUG	Registering manifest for C:\Program Files\Mozilla Firefox\browser\features\webcompat@mozilla.org.xpi
1483963134254	addons.xpi	DEBUG	Calling bootstrap method startup on webcompat@mozilla.org version 1.0
1483963134256	addons.manager	DEBUG	Registering shutdown blocker for XPIProvider
1483963134256	addons.manager	DEBUG	Provider finished startup: XPIProvider
1483963134256	addons.manager	DEBUG	Starting provider: LightweightThemeManager
1483963134257	addons.manager	DEBUG	Registering shutdown blocker for LightweightThemeManager
1483963134258	addons.manager	DEBUG	Provider finished startup: LightweightThemeManager
1483963134258	addons.manager	DEBUG	Starting provider: GMPProvider
1483963134267	addons.manager	DEBUG	Registering shutdown blocker for GMPProvider
1483963134268	addons.manager	DEBUG	Provider finished startup: GMPProvider
1483963134268	addons.manager	DEBUG	Starting provider: PluginProvider
1483963134268	addons.manager	DEBUG	Registering shutdown blocker for PluginProvider
1483963134268	addons.manager	DEBUG	Provider finished startup: PluginProvider
1483963134269	addons.manager	DEBUG	Completed startup sequence
1483963135202	addons.manager	DEBUG	Starting provider: <unnamed-provider>
1483963135203	addons.manager	DEBUG	Registering shutdown blocker for <unnamed-provider>
1483963135203	addons.manager	DEBUG	Provider finished startup: <unnamed-provider>
1483963135205	DeferredSave.extensions.json	DEBUG	Starting write
1483963135379	addons.repository	DEBUG	No addons.json found.
1483963135380	DeferredSave.addons.json	DEBUG	Save changes
1483963135384	DeferredSave.addons.json	DEBUG	Starting timer
1483963135415	addons.manager	DEBUG	Starting provider: PreviousExperimentProvider
1483963135415	addons.manager	DEBUG	Registering shutdown blocker for PreviousExperimentProvider
1483963135415	addons.manager	DEBUG	Provider finished startup: PreviousExperimentProvider
1483963135418	DeferredSave.extensions.json	DEBUG	Write succeeded
1483963135418	addons.xpi-utils	DEBUG	XPI Database saved, setting schema version preference to 17
1483963135447	DeferredSave.addons.json	DEBUG	Starting write
1483963135463	DeferredSave.addons.json	DEBUG	Write succeeded

	at org.openqa.selenium.firefox.internal.NewProfileExtensionConnection.start(NewProfileExtensionConnection.java:112)
	... 27 more
]]>
    </error>
  </testcase> <!-- selectMethods -->
  <testcase name="browserCmd" time="0.000" classname="browserCommands.BrowserTest">
    <error type="org.openqa.selenium.WebDriverException" message="Failed to connect to binary FirefoxBinary(C:\Program Files\Mozilla Firefox\firefox.exe) on port 7055; process output follows: 
n.png&quot;,&quot;48&quot;:&quot;icon.png&quot;},&quot;iconURL&quot;:null,&quot;icon64URL&quot;:null,&quot;defaultLocale&quot;:{&quot;name&quot;:&quot;Default&quot;,&quot;description&quot;:&quot;The default theme.&quot;,&quot;creator&quot;:&quot;Mozilla&quot;,&quot;homepageURL&quot;:null,&quot;contributors&quot;:[&quot;Mozilla Contributors&quot;]},&quot;visible&quot;:true,&quot;active&quot;:true,&quot;userDisabled&quot;:false,&quot;appDisabled&quot;:false,&quot;descriptor&quot;:&quot;C:\\Program Files\\Mozilla Firefox\\browser\\extensions\\{972ce4c6-7e08-4474-a285-3208198ce6fd}.xpi&quot;,&quot;installDate&quot;:1481860246898,&quot;updateDate&quot;:1481860246898,&quot;applyBackgroundUpdates&quot;:1,&quot;skinnable&quot;:true,&quot;size&quot;:21152,&quot;sourceURI&quot;:null,&quot;releaseNotesURI&quot;:null,&quot;softDisabled&quot;:false,&quot;foreignInstall&quot;:false,&quot;hasBinaryComponents&quot;:false,&quot;strictCompatibility&quot;:true,&quot;locales&quot;:[],&quot;targetApplications&quot;:[{&quot;id&quot;:&quot;{ec8030f7-c20a-464f-9b0e-13a3a9e97384}&quot;,&quot;minVersion&quot;:&quot;50.1.0&quot;,&quot;maxVersion&quot;:&quot;50.1.0&quot;}],&quot;targetPlatforms&quot;:[],&quot;seen&quot;:true}
1483963134244	addons.xpi	DEBUG	getModTime: Recursive scan of {972ce4c6-7e08-4474-a285-3208198ce6fd}
1483963134246	DeferredSave.extensions.json	DEBUG	Save changes
1483963134246	addons.xpi	DEBUG	Updating database with changes to installed add-ons
1483963134246	addons.xpi-utils	DEBUG	Updating add-on states
1483963134247	addons.xpi-utils	DEBUG	Writing add-ons list
1483963134250	addons.xpi	DEBUG	Registering manifest for C:\Program Files\Mozilla Firefox\browser\features\aushelper@mozilla.org.xpi
1483963134250	addons.xpi	DEBUG	Calling bootstrap method startup on aushelper@mozilla.org version 1.0
1483963134251	addons.xpi	DEBUG	Registering manifest for C:\Program Files\Mozilla Firefox\browser\features\e10srollout@mozilla.org.xpi
1483963134252	addons.xpi	DEBUG	Calling bootstrap method startup on e10srollout@mozilla.org version 1.5
1483963134252	addons.xpi	DEBUG	Registering manifest for C:\Program Files\Mozilla Firefox\browser\features\firefox@getpocket.com.xpi
1483963134253	addons.xpi	DEBUG	Calling bootstrap method startup on firefox@getpocket.com version 1.0.5
1483963134254	addons.xpi	DEBUG	Registering manifest for C:\Program Files\Mozilla Firefox\browser\features\webcompat@mozilla.org.xpi
1483963134254	addons.xpi	DEBUG	Calling bootstrap method startup on webcompat@mozilla.org version 1.0
1483963134256	addons.manager	DEBUG	Registering shutdown blocker for XPIProvider
1483963134256	addons.manager	DEBUG	Provider finished startup: XPIProvider
1483963134256	addons.manager	DEBUG	Starting provider: LightweightThemeManager
1483963134257	addons.manager	DEBUG	Registering shutdown blocker for LightweightThemeManager
1483963134258	addons.manager	DEBUG	Provider finished startup: LightweightThemeManager
1483963134258	addons.manager	DEBUG	Starting provider: GMPProvider
1483963134267	addons.manager	DEBUG	Registering shutdown blocker for GMPProvider
1483963134268	addons.manager	DEBUG	Provider finished startup: GMPProvider
1483963134268	addons.manager	DEBUG	Starting provider: PluginProvider
1483963134268	addons.manager	DEBUG	Registering shutdown blocker for PluginProvider
1483963134268	addons.manager	DEBUG	Provider finished startup: PluginProvider
1483963134269	addons.manager	DEBUG	Completed startup sequence
1483963135202	addons.manager	DEBUG	Starting provider: &lt;unnamed-provider&gt;
1483963135203	addons.manager	DEBUG	Registering shutdown blocker for &lt;unnamed-provider&gt;
1483963135203	addons.manager	DEBUG	Provider finished startup: &lt;unnamed-provider&gt;
1483963135205	DeferredSave.extensions.json	DEBUG	Starting write
1483963135379	addons.repository	DEBUG	No addons.json found.
1483963135380	DeferredSave.addons.json	DEBUG	Save changes
1483963135384	DeferredSave.addons.json	DEBUG	Starting timer
1483963135415	addons.manager	DEBUG	Starting provider: PreviousExperimentProvider
1483963135415	addons.manager	DEBUG	Registering shutdown blocker for PreviousExperimentProvider
1483963135415	addons.manager	DEBUG	Provider finished startup: PreviousExperimentProvider
1483963135418	DeferredSave.extensions.json	DEBUG	Write succeeded
1483963135418	addons.xpi-utils	DEBUG	XPI Database saved, setting schema version preference to 17
1483963135447	DeferredSave.addons.json	DEBUG	Starting write
1483963135463	DeferredSave.addons.json	DEBUG	Write succeeded

Build info: version: &#039;2.53.0&#039;, revision: &#039;35ae25b&#039;, time: &#039;2016-03-15 16:57:40&#039;
System info: host: &#039;Angler94&#039;, ip: &#039;192.168.54.2&#039;, os.name: &#039;Windows 10&#039;, os.arch: &#039;amd64&#039;, os.version: &#039;10.0&#039;, java.version: &#039;1.8.0_74&#039;
Driver info: driver.version: FirefoxDriver">
      <![CDATA[org.openqa.selenium.WebDriverException: Failed to connect to binary FirefoxBinary(C:\Program Files\Mozilla Firefox\firefox.exe) on port 7055; process output follows: 
n.png","48":"icon.png"},"iconURL":null,"icon64URL":null,"defaultLocale":{"name":"Default","description":"The default theme.","creator":"Mozilla","homepageURL":null,"contributors":["Mozilla Contributors"]},"visible":true,"active":true,"userDisabled":false,"appDisabled":false,"descriptor":"C:\\Program Files\\Mozilla Firefox\\browser\\extensions\\{972ce4c6-7e08-4474-a285-3208198ce6fd}.xpi","installDate":1481860246898,"updateDate":1481860246898,"applyBackgroundUpdates":1,"skinnable":true,"size":21152,"sourceURI":null,"releaseNotesURI":null,"softDisabled":false,"foreignInstall":false,"hasBinaryComponents":false,"strictCompatibility":true,"locales":[],"targetApplications":[{"id":"{ec8030f7-c20a-464f-9b0e-13a3a9e97384}","minVersion":"50.1.0","maxVersion":"50.1.0"}],"targetPlatforms":[],"seen":true}
1483963134244	addons.xpi	DEBUG	getModTime: Recursive scan of {972ce4c6-7e08-4474-a285-3208198ce6fd}
1483963134246	DeferredSave.extensions.json	DEBUG	Save changes
1483963134246	addons.xpi	DEBUG	Updating database with changes to installed add-ons
1483963134246	addons.xpi-utils	DEBUG	Updating add-on states
1483963134247	addons.xpi-utils	DEBUG	Writing add-ons list
1483963134250	addons.xpi	DEBUG	Registering manifest for C:\Program Files\Mozilla Firefox\browser\features\aushelper@mozilla.org.xpi
1483963134250	addons.xpi	DEBUG	Calling bootstrap method startup on aushelper@mozilla.org version 1.0
1483963134251	addons.xpi	DEBUG	Registering manifest for C:\Program Files\Mozilla Firefox\browser\features\e10srollout@mozilla.org.xpi
1483963134252	addons.xpi	DEBUG	Calling bootstrap method startup on e10srollout@mozilla.org version 1.5
1483963134252	addons.xpi	DEBUG	Registering manifest for C:\Program Files\Mozilla Firefox\browser\features\firefox@getpocket.com.xpi
1483963134253	addons.xpi	DEBUG	Calling bootstrap method startup on firefox@getpocket.com version 1.0.5
1483963134254	addons.xpi	DEBUG	Registering manifest for C:\Program Files\Mozilla Firefox\browser\features\webcompat@mozilla.org.xpi
1483963134254	addons.xpi	DEBUG	Calling bootstrap method startup on webcompat@mozilla.org version 1.0
1483963134256	addons.manager	DEBUG	Registering shutdown blocker for XPIProvider
1483963134256	addons.manager	DEBUG	Provider finished startup: XPIProvider
1483963134256	addons.manager	DEBUG	Starting provider: LightweightThemeManager
1483963134257	addons.manager	DEBUG	Registering shutdown blocker for LightweightThemeManager
1483963134258	addons.manager	DEBUG	Provider finished startup: LightweightThemeManager
1483963134258	addons.manager	DEBUG	Starting provider: GMPProvider
1483963134267	addons.manager	DEBUG	Registering shutdown blocker for GMPProvider
1483963134268	addons.manager	DEBUG	Provider finished startup: GMPProvider
1483963134268	addons.manager	DEBUG	Starting provider: PluginProvider
1483963134268	addons.manager	DEBUG	Registering shutdown blocker for PluginProvider
1483963134268	addons.manager	DEBUG	Provider finished startup: PluginProvider
1483963134269	addons.manager	DEBUG	Completed startup sequence
1483963135202	addons.manager	DEBUG	Starting provider: <unnamed-provider>
1483963135203	addons.manager	DEBUG	Registering shutdown blocker for <unnamed-provider>
1483963135203	addons.manager	DEBUG	Provider finished startup: <unnamed-provider>
1483963135205	DeferredSave.extensions.json	DEBUG	Starting write
1483963135379	addons.repository	DEBUG	No addons.json found.
1483963135380	DeferredSave.addons.json	DEBUG	Save changes
1483963135384	DeferredSave.addons.json	DEBUG	Starting timer
1483963135415	addons.manager	DEBUG	Starting provider: PreviousExperimentProvider
1483963135415	addons.manager	DEBUG	Registering shutdown blocker for PreviousExperimentProvider
1483963135415	addons.manager	DEBUG	Provider finished startup: PreviousExperimentProvider
1483963135418	DeferredSave.extensions.json	DEBUG	Write succeeded
1483963135418	addons.xpi-utils	DEBUG	XPI Database saved, setting schema version preference to 17
1483963135447	DeferredSave.addons.json	DEBUG	Starting write
1483963135463	DeferredSave.addons.json	DEBUG	Write succeeded

Build info: version: '2.53.0', revision: '35ae25b', time: '2016-03-15 16:57:40'
System info: host: 'Angler94', ip: '192.168.54.2', os.name: 'Windows 10', os.arch: 'amd64', os.version: '10.0', java.version: '1.8.0_74'
Driver info: driver.version: FirefoxDriver
	at org.openqa.selenium.firefox.internal.NewProfileExtensionConnection.start(NewProfileExtensionConnection.java:124)
	at org.openqa.selenium.firefox.FirefoxDriver.startClient(FirefoxDriver.java:271)
	at org.openqa.selenium.remote.RemoteWebDriver.<init>(RemoteWebDriver.java:119)
	at org.openqa.selenium.firefox.FirefoxDriver.<init>(FirefoxDriver.java:218)
	at org.openqa.selenium.firefox.FirefoxDriver.<init>(FirefoxDriver.java:211)
	at org.openqa.selenium.firefox.FirefoxDriver.<init>(FirefoxDriver.java:207)
	at org.openqa.selenium.firefox.FirefoxDriver.<init>(FirefoxDriver.java:120)
	at browserCommands.BrowserTest.beforeClass(BrowserTest.java:38)
	at sun.reflect.NativeMethodAccessorImpl.invoke0(Native Method)
	at sun.reflect.NativeMethodAccessorImpl.invoke(NativeMethodAccessorImpl.java:62)
	at sun.reflect.DelegatingMethodAccessorImpl.invoke(DelegatingMethodAccessorImpl.java:43)
	at java.lang.reflect.Method.invoke(Method.java:498)
	at org.testng.internal.MethodInvocationHelper.invokeMethod(MethodInvocationHelper.java:85)
	at org.testng.internal.Invoker.invokeConfigurationMethod(Invoker.java:510)
	at org.testng.internal.Invoker.invokeConfigurations(Invoker.java:211)
	at org.testng.internal.Invoker.invokeConfigurations(Invoker.java:138)
	at org.testng.internal.TestMethodWorker.invokeBeforeClassMethods(TestMethodWorker.java:170)
	at org.testng.internal.TestMethodWorker.run(TestMethodWorker.java:104)
	at org.testng.TestRunner.privateRun(TestRunner.java:774)
	at org.testng.TestRunner.run(TestRunner.java:624)
	at org.testng.SuiteRunner.runTest(SuiteRunner.java:359)
	at org.testng.SuiteRunner.access$000(SuiteRunner.java:39)
	at org.testng.SuiteRunner$SuiteWorker.run(SuiteRunner.java:393)
	at org.testng.internal.thread.ThreadUtil$2.call(ThreadUtil.java:64)
	at java.util.concurrent.FutureTask.run(FutureTask.java:266)
	at java.util.concurrent.ThreadPoolExecutor.runWorker(ThreadPoolExecutor.java:1142)
	at java.util.concurrent.ThreadPoolExecutor$Worker.run(ThreadPoolExecutor.java:617)
	at java.lang.Thread.run(Thread.java:745)
Caused by: org.openqa.selenium.firefox.NotConnectedException: Unable to connect to host 127.0.0.1 on port 7055 after 45000 ms. Firefox console output:
n.png","48":"icon.png"},"iconURL":null,"icon64URL":null,"defaultLocale":{"name":"Default","description":"The default theme.","creator":"Mozilla","homepageURL":null,"contributors":["Mozilla Contributors"]},"visible":true,"active":true,"userDisabled":false,"appDisabled":false,"descriptor":"C:\\Program Files\\Mozilla Firefox\\browser\\extensions\\{972ce4c6-7e08-4474-a285-3208198ce6fd}.xpi","installDate":1481860246898,"updateDate":1481860246898,"applyBackgroundUpdates":1,"skinnable":true,"size":21152,"sourceURI":null,"releaseNotesURI":null,"softDisabled":false,"foreignInstall":false,"hasBinaryComponents":false,"strictCompatibility":true,"locales":[],"targetApplications":[{"id":"{ec8030f7-c20a-464f-9b0e-13a3a9e97384}","minVersion":"50.1.0","maxVersion":"50.1.0"}],"targetPlatforms":[],"seen":true}
1483963134244	addons.xpi	DEBUG	getModTime: Recursive scan of {972ce4c6-7e08-4474-a285-3208198ce6fd}
1483963134246	DeferredSave.extensions.json	DEBUG	Save changes
1483963134246	addons.xpi	DEBUG	Updating database with changes to installed add-ons
1483963134246	addons.xpi-utils	DEBUG	Updating add-on states
1483963134247	addons.xpi-utils	DEBUG	Writing add-ons list
1483963134250	addons.xpi	DEBUG	Registering manifest for C:\Program Files\Mozilla Firefox\browser\features\aushelper@mozilla.org.xpi
1483963134250	addons.xpi	DEBUG	Calling bootstrap method startup on aushelper@mozilla.org version 1.0
1483963134251	addons.xpi	DEBUG	Registering manifest for C:\Program Files\Mozilla Firefox\browser\features\e10srollout@mozilla.org.xpi
1483963134252	addons.xpi	DEBUG	Calling bootstrap method startup on e10srollout@mozilla.org version 1.5
1483963134252	addons.xpi	DEBUG	Registering manifest for C:\Program Files\Mozilla Firefox\browser\features\firefox@getpocket.com.xpi
1483963134253	addons.xpi	DEBUG	Calling bootstrap method startup on firefox@getpocket.com version 1.0.5
1483963134254	addons.xpi	DEBUG	Registering manifest for C:\Program Files\Mozilla Firefox\browser\features\webcompat@mozilla.org.xpi
1483963134254	addons.xpi	DEBUG	Calling bootstrap method startup on webcompat@mozilla.org version 1.0
1483963134256	addons.manager	DEBUG	Registering shutdown blocker for XPIProvider
1483963134256	addons.manager	DEBUG	Provider finished startup: XPIProvider
1483963134256	addons.manager	DEBUG	Starting provider: LightweightThemeManager
1483963134257	addons.manager	DEBUG	Registering shutdown blocker for LightweightThemeManager
1483963134258	addons.manager	DEBUG	Provider finished startup: LightweightThemeManager
1483963134258	addons.manager	DEBUG	Starting provider: GMPProvider
1483963134267	addons.manager	DEBUG	Registering shutdown blocker for GMPProvider
1483963134268	addons.manager	DEBUG	Provider finished startup: GMPProvider
1483963134268	addons.manager	DEBUG	Starting provider: PluginProvider
1483963134268	addons.manager	DEBUG	Registering shutdown blocker for PluginProvider
1483963134268	addons.manager	DEBUG	Provider finished startup: PluginProvider
1483963134269	addons.manager	DEBUG	Completed startup sequence
1483963135202	addons.manager	DEBUG	Starting provider: <unnamed-provider>
1483963135203	addons.manager	DEBUG	Registering shutdown blocker for <unnamed-provider>
1483963135203	addons.manager	DEBUG	Provider finished startup: <unnamed-provider>
1483963135205	DeferredSave.extensions.json	DEBUG	Starting write
1483963135379	addons.repository	DEBUG	No addons.json found.
1483963135380	DeferredSave.addons.json	DEBUG	Save changes
1483963135384	DeferredSave.addons.json	DEBUG	Starting timer
1483963135415	addons.manager	DEBUG	Starting provider: PreviousExperimentProvider
1483963135415	addons.manager	DEBUG	Registering shutdown blocker for PreviousExperimentProvider
1483963135415	addons.manager	DEBUG	Provider finished startup: PreviousExperimentProvider
1483963135418	DeferredSave.extensions.json	DEBUG	Write succeeded
1483963135418	addons.xpi-utils	DEBUG	XPI Database saved, setting schema version preference to 17
1483963135447	DeferredSave.addons.json	DEBUG	Starting write
1483963135463	DeferredSave.addons.json	DEBUG	Write succeeded

	at org.openqa.selenium.firefox.internal.NewProfileExtensionConnection.start(NewProfileExtensionConnection.java:112)
	... 27 more
]]>
    </error>
  </testcase> <!-- browserCmd -->
  <testcase name="checkradioOperations" time="20.162" classname="browserCommands.BrowserTest"/>
  <testcase name="browserCmd" time="7.814" classname="browserCommands.BrowserTest"/>
  <testcase name="navigationCmd" time="0.000" classname="browserCommands.BrowserTest">
    <error type="org.openqa.selenium.WebDriverException" message="Failed to connect to binary FirefoxBinary(C:\Program Files\Mozilla Firefox\firefox.exe) on port 7055; process output follows: 
n.png&quot;,&quot;48&quot;:&quot;icon.png&quot;},&quot;iconURL&quot;:null,&quot;icon64URL&quot;:null,&quot;defaultLocale&quot;:{&quot;name&quot;:&quot;Default&quot;,&quot;description&quot;:&quot;The default theme.&quot;,&quot;creator&quot;:&quot;Mozilla&quot;,&quot;homepageURL&quot;:null,&quot;contributors&quot;:[&quot;Mozilla Contributors&quot;]},&quot;visible&quot;:true,&quot;active&quot;:true,&quot;userDisabled&quot;:false,&quot;appDisabled&quot;:false,&quot;descriptor&quot;:&quot;C:\\Program Files\\Mozilla Firefox\\browser\\extensions\\{972ce4c6-7e08-4474-a285-3208198ce6fd}.xpi&quot;,&quot;installDate&quot;:1481860246898,&quot;updateDate&quot;:1481860246898,&quot;applyBackgroundUpdates&quot;:1,&quot;skinnable&quot;:true,&quot;size&quot;:21152,&quot;sourceURI&quot;:null,&quot;releaseNotesURI&quot;:null,&quot;softDisabled&quot;:false,&quot;foreignInstall&quot;:false,&quot;hasBinaryComponents&quot;:false,&quot;strictCompatibility&quot;:true,&quot;locales&quot;:[],&quot;targetApplications&quot;:[{&quot;id&quot;:&quot;{ec8030f7-c20a-464f-9b0e-13a3a9e97384}&quot;,&quot;minVersion&quot;:&quot;50.1.0&quot;,&quot;maxVersion&quot;:&quot;50.1.0&quot;}],&quot;targetPlatforms&quot;:[],&quot;seen&quot;:true}
1483963134244	addons.xpi	DEBUG	getModTime: Recursive scan of {972ce4c6-7e08-4474-a285-3208198ce6fd}
1483963134246	DeferredSave.extensions.json	DEBUG	Save changes
1483963134246	addons.xpi	DEBUG	Updating database with changes to installed add-ons
1483963134246	addons.xpi-utils	DEBUG	Updating add-on states
1483963134247	addons.xpi-utils	DEBUG	Writing add-ons list
1483963134250	addons.xpi	DEBUG	Registering manifest for C:\Program Files\Mozilla Firefox\browser\features\aushelper@mozilla.org.xpi
1483963134250	addons.xpi	DEBUG	Calling bootstrap method startup on aushelper@mozilla.org version 1.0
1483963134251	addons.xpi	DEBUG	Registering manifest for C:\Program Files\Mozilla Firefox\browser\features\e10srollout@mozilla.org.xpi
1483963134252	addons.xpi	DEBUG	Calling bootstrap method startup on e10srollout@mozilla.org version 1.5
1483963134252	addons.xpi	DEBUG	Registering manifest for C:\Program Files\Mozilla Firefox\browser\features\firefox@getpocket.com.xpi
1483963134253	addons.xpi	DEBUG	Calling bootstrap method startup on firefox@getpocket.com version 1.0.5
1483963134254	addons.xpi	DEBUG	Registering manifest for C:\Program Files\Mozilla Firefox\browser\features\webcompat@mozilla.org.xpi
1483963134254	addons.xpi	DEBUG	Calling bootstrap method startup on webcompat@mozilla.org version 1.0
1483963134256	addons.manager	DEBUG	Registering shutdown blocker for XPIProvider
1483963134256	addons.manager	DEBUG	Provider finished startup: XPIProvider
1483963134256	addons.manager	DEBUG	Starting provider: LightweightThemeManager
1483963134257	addons.manager	DEBUG	Registering shutdown blocker for LightweightThemeManager
1483963134258	addons.manager	DEBUG	Provider finished startup: LightweightThemeManager
1483963134258	addons.manager	DEBUG	Starting provider: GMPProvider
1483963134267	addons.manager	DEBUG	Registering shutdown blocker for GMPProvider
1483963134268	addons.manager	DEBUG	Provider finished startup: GMPProvider
1483963134268	addons.manager	DEBUG	Starting provider: PluginProvider
1483963134268	addons.manager	DEBUG	Registering shutdown blocker for PluginProvider
1483963134268	addons.manager	DEBUG	Provider finished startup: PluginProvider
1483963134269	addons.manager	DEBUG	Completed startup sequence
1483963135202	addons.manager	DEBUG	Starting provider: &lt;unnamed-provider&gt;
1483963135203	addons.manager	DEBUG	Registering shutdown blocker for &lt;unnamed-provider&gt;
1483963135203	addons.manager	DEBUG	Provider finished startup: &lt;unnamed-provider&gt;
1483963135205	DeferredSave.extensions.json	DEBUG	Starting write
1483963135379	addons.repository	DEBUG	No addons.json found.
1483963135380	DeferredSave.addons.json	DEBUG	Save changes
1483963135384	DeferredSave.addons.json	DEBUG	Starting timer
1483963135415	addons.manager	DEBUG	Starting provider: PreviousExperimentProvider
1483963135415	addons.manager	DEBUG	Registering shutdown blocker for PreviousExperimentProvider
1483963135415	addons.manager	DEBUG	Provider finished startup: PreviousExperimentProvider
1483963135418	DeferredSave.extensions.json	DEBUG	Write succeeded
1483963135418	addons.xpi-utils	DEBUG	XPI Database saved, setting schema version preference to 17
1483963135447	DeferredSave.addons.json	DEBUG	Starting write
1483963135463	DeferredSave.addons.json	DEBUG	Write succeeded

Build info: version: &#039;2.53.0&#039;, revision: &#039;35ae25b&#039;, time: &#039;2016-03-15 16:57:40&#039;
System info: host: &#039;Angler94&#039;, ip: &#039;192.168.54.2&#039;, os.name: &#039;Windows 10&#039;, os.arch: &#039;amd64&#039;, os.version: &#039;10.0&#039;, java.version: &#039;1.8.0_74&#039;
Driver info: driver.version: FirefoxDriver">
      <![CDATA[org.openqa.selenium.WebDriverException: Failed to connect to binary FirefoxBinary(C:\Program Files\Mozilla Firefox\firefox.exe) on port 7055; process output follows: 
n.png","48":"icon.png"},"iconURL":null,"icon64URL":null,"defaultLocale":{"name":"Default","description":"The default theme.","creator":"Mozilla","homepageURL":null,"contributors":["Mozilla Contributors"]},"visible":true,"active":true,"userDisabled":false,"appDisabled":false,"descriptor":"C:\\Program Files\\Mozilla Firefox\\browser\\extensions\\{972ce4c6-7e08-4474-a285-3208198ce6fd}.xpi","installDate":1481860246898,"updateDate":1481860246898,"applyBackgroundUpdates":1,"skinnable":true,"size":21152,"sourceURI":null,"releaseNotesURI":null,"softDisabled":false,"foreignInstall":false,"hasBinaryComponents":false,"strictCompatibility":true,"locales":[],"targetApplications":[{"id":"{ec8030f7-c20a-464f-9b0e-13a3a9e97384}","minVersion":"50.1.0","maxVersion":"50.1.0"}],"targetPlatforms":[],"seen":true}
1483963134244	addons.xpi	DEBUG	getModTime: Recursive scan of {972ce4c6-7e08-4474-a285-3208198ce6fd}
1483963134246	DeferredSave.extensions.json	DEBUG	Save changes
1483963134246	addons.xpi	DEBUG	Updating database with changes to installed add-ons
1483963134246	addons.xpi-utils	DEBUG	Updating add-on states
1483963134247	addons.xpi-utils	DEBUG	Writing add-ons list
1483963134250	addons.xpi	DEBUG	Registering manifest for C:\Program Files\Mozilla Firefox\browser\features\aushelper@mozilla.org.xpi
1483963134250	addons.xpi	DEBUG	Calling bootstrap method startup on aushelper@mozilla.org version 1.0
1483963134251	addons.xpi	DEBUG	Registering manifest for C:\Program Files\Mozilla Firefox\browser\features\e10srollout@mozilla.org.xpi
1483963134252	addons.xpi	DEBUG	Calling bootstrap method startup on e10srollout@mozilla.org version 1.5
1483963134252	addons.xpi	DEBUG	Registering manifest for C:\Program Files\Mozilla Firefox\browser\features\firefox@getpocket.com.xpi
1483963134253	addons.xpi	DEBUG	Calling bootstrap method startup on firefox@getpocket.com version 1.0.5
1483963134254	addons.xpi	DEBUG	Registering manifest for C:\Program Files\Mozilla Firefox\browser\features\webcompat@mozilla.org.xpi
1483963134254	addons.xpi	DEBUG	Calling bootstrap method startup on webcompat@mozilla.org version 1.0
1483963134256	addons.manager	DEBUG	Registering shutdown blocker for XPIProvider
1483963134256	addons.manager	DEBUG	Provider finished startup: XPIProvider
1483963134256	addons.manager	DEBUG	Starting provider: LightweightThemeManager
1483963134257	addons.manager	DEBUG	Registering shutdown blocker for LightweightThemeManager
1483963134258	addons.manager	DEBUG	Provider finished startup: LightweightThemeManager
1483963134258	addons.manager	DEBUG	Starting provider: GMPProvider
1483963134267	addons.manager	DEBUG	Registering shutdown blocker for GMPProvider
1483963134268	addons.manager	DEBUG	Provider finished startup: GMPProvider
1483963134268	addons.manager	DEBUG	Starting provider: PluginProvider
1483963134268	addons.manager	DEBUG	Registering shutdown blocker for PluginProvider
1483963134268	addons.manager	DEBUG	Provider finished startup: PluginProvider
1483963134269	addons.manager	DEBUG	Completed startup sequence
1483963135202	addons.manager	DEBUG	Starting provider: <unnamed-provider>
1483963135203	addons.manager	DEBUG	Registering shutdown blocker for <unnamed-provider>
1483963135203	addons.manager	DEBUG	Provider finished startup: <unnamed-provider>
1483963135205	DeferredSave.extensions.json	DEBUG	Starting write
1483963135379	addons.repository	DEBUG	No addons.json found.
1483963135380	DeferredSave.addons.json	DEBUG	Save changes
1483963135384	DeferredSave.addons.json	DEBUG	Starting timer
1483963135415	addons.manager	DEBUG	Starting provider: PreviousExperimentProvider
1483963135415	addons.manager	DEBUG	Registering shutdown blocker for PreviousExperimentProvider
1483963135415	addons.manager	DEBUG	Provider finished startup: PreviousExperimentProvider
1483963135418	DeferredSave.extensions.json	DEBUG	Write succeeded
1483963135418	addons.xpi-utils	DEBUG	XPI Database saved, setting schema version preference to 17
1483963135447	DeferredSave.addons.json	DEBUG	Starting write
1483963135463	DeferredSave.addons.json	DEBUG	Write succeeded

Build info: version: '2.53.0', revision: '35ae25b', time: '2016-03-15 16:57:40'
System info: host: 'Angler94', ip: '192.168.54.2', os.name: 'Windows 10', os.arch: 'amd64', os.version: '10.0', java.version: '1.8.0_74'
Driver info: driver.version: FirefoxDriver
	at org.openqa.selenium.firefox.internal.NewProfileExtensionConnection.start(NewProfileExtensionConnection.java:124)
	at org.openqa.selenium.firefox.FirefoxDriver.startClient(FirefoxDriver.java:271)
	at org.openqa.selenium.remote.RemoteWebDriver.<init>(RemoteWebDriver.java:119)
	at org.openqa.selenium.firefox.FirefoxDriver.<init>(FirefoxDriver.java:218)
	at org.openqa.selenium.firefox.FirefoxDriver.<init>(FirefoxDriver.java:211)
	at org.openqa.selenium.firefox.FirefoxDriver.<init>(FirefoxDriver.java:207)
	at org.openqa.selenium.firefox.FirefoxDriver.<init>(FirefoxDriver.java:120)
	at browserCommands.BrowserTest.beforeClass(BrowserTest.java:38)
	at sun.reflect.NativeMethodAccessorImpl.invoke0(Native Method)
	at sun.reflect.NativeMethodAccessorImpl.invoke(NativeMethodAccessorImpl.java:62)
	at sun.reflect.DelegatingMethodAccessorImpl.invoke(DelegatingMethodAccessorImpl.java:43)
	at java.lang.reflect.Method.invoke(Method.java:498)
	at org.testng.internal.MethodInvocationHelper.invokeMethod(MethodInvocationHelper.java:85)
	at org.testng.internal.Invoker.invokeConfigurationMethod(Invoker.java:510)
	at org.testng.internal.Invoker.invokeConfigurations(Invoker.java:211)
	at org.testng.internal.Invoker.invokeConfigurations(Invoker.java:138)
	at org.testng.internal.TestMethodWorker.invokeBeforeClassMethods(TestMethodWorker.java:170)
	at org.testng.internal.TestMethodWorker.run(TestMethodWorker.java:104)
	at org.testng.TestRunner.privateRun(TestRunner.java:774)
	at org.testng.TestRunner.run(TestRunner.java:624)
	at org.testng.SuiteRunner.runTest(SuiteRunner.java:359)
	at org.testng.SuiteRunner.access$000(SuiteRunner.java:39)
	at org.testng.SuiteRunner$SuiteWorker.run(SuiteRunner.java:393)
	at org.testng.internal.thread.ThreadUtil$2.call(ThreadUtil.java:64)
	at java.util.concurrent.FutureTask.run(FutureTask.java:266)
	at java.util.concurrent.ThreadPoolExecutor.runWorker(ThreadPoolExecutor.java:1142)
	at java.util.concurrent.ThreadPoolExecutor$Worker.run(ThreadPoolExecutor.java:617)
	at java.lang.Thread.run(Thread.java:745)
Caused by: org.openqa.selenium.firefox.NotConnectedException: Unable to connect to host 127.0.0.1 on port 7055 after 45000 ms. Firefox console output:
n.png","48":"icon.png"},"iconURL":null,"icon64URL":null,"defaultLocale":{"name":"Default","description":"The default theme.","creator":"Mozilla","homepageURL":null,"contributors":["Mozilla Contributors"]},"visible":true,"active":true,"userDisabled":false,"appDisabled":false,"descriptor":"C:\\Program Files\\Mozilla Firefox\\browser\\extensions\\{972ce4c6-7e08-4474-a285-3208198ce6fd}.xpi","installDate":1481860246898,"updateDate":1481860246898,"applyBackgroundUpdates":1,"skinnable":true,"size":21152,"sourceURI":null,"releaseNotesURI":null,"softDisabled":false,"foreignInstall":false,"hasBinaryComponents":false,"strictCompatibility":true,"locales":[],"targetApplications":[{"id":"{ec8030f7-c20a-464f-9b0e-13a3a9e97384}","minVersion":"50.1.0","maxVersion":"50.1.0"}],"targetPlatforms":[],"seen":true}
1483963134244	addons.xpi	DEBUG	getModTime: Recursive scan of {972ce4c6-7e08-4474-a285-3208198ce6fd}
1483963134246	DeferredSave.extensions.json	DEBUG	Save changes
1483963134246	addons.xpi	DEBUG	Updating database with changes to installed add-ons
1483963134246	addons.xpi-utils	DEBUG	Updating add-on states
1483963134247	addons.xpi-utils	DEBUG	Writing add-ons list
1483963134250	addons.xpi	DEBUG	Registering manifest for C:\Program Files\Mozilla Firefox\browser\features\aushelper@mozilla.org.xpi
1483963134250	addons.xpi	DEBUG	Calling bootstrap method startup on aushelper@mozilla.org version 1.0
1483963134251	addons.xpi	DEBUG	Registering manifest for C:\Program Files\Mozilla Firefox\browser\features\e10srollout@mozilla.org.xpi
1483963134252	addons.xpi	DEBUG	Calling bootstrap method startup on e10srollout@mozilla.org version 1.5
1483963134252	addons.xpi	DEBUG	Registering manifest for C:\Program Files\Mozilla Firefox\browser\features\firefox@getpocket.com.xpi
1483963134253	addons.xpi	DEBUG	Calling bootstrap method startup on firefox@getpocket.com version 1.0.5
1483963134254	addons.xpi	DEBUG	Registering manifest for C:\Program Files\Mozilla Firefox\browser\features\webcompat@mozilla.org.xpi
1483963134254	addons.xpi	DEBUG	Calling bootstrap method startup on webcompat@mozilla.org version 1.0
1483963134256	addons.manager	DEBUG	Registering shutdown blocker for XPIProvider
1483963134256	addons.manager	DEBUG	Provider finished startup: XPIProvider
1483963134256	addons.manager	DEBUG	Starting provider: LightweightThemeManager
1483963134257	addons.manager	DEBUG	Registering shutdown blocker for LightweightThemeManager
1483963134258	addons.manager	DEBUG	Provider finished startup: LightweightThemeManager
1483963134258	addons.manager	DEBUG	Starting provider: GMPProvider
1483963134267	addons.manager	DEBUG	Registering shutdown blocker for GMPProvider
1483963134268	addons.manager	DEBUG	Provider finished startup: GMPProvider
1483963134268	addons.manager	DEBUG	Starting provider: PluginProvider
1483963134268	addons.manager	DEBUG	Registering shutdown blocker for PluginProvider
1483963134268	addons.manager	DEBUG	Provider finished startup: PluginProvider
1483963134269	addons.manager	DEBUG	Completed startup sequence
1483963135202	addons.manager	DEBUG	Starting provider: <unnamed-provider>
1483963135203	addons.manager	DEBUG	Registering shutdown blocker for <unnamed-provider>
1483963135203	addons.manager	DEBUG	Provider finished startup: <unnamed-provider>
1483963135205	DeferredSave.extensions.json	DEBUG	Starting write
1483963135379	addons.repository	DEBUG	No addons.json found.
1483963135380	DeferredSave.addons.json	DEBUG	Save changes
1483963135384	DeferredSave.addons.json	DEBUG	Starting timer
1483963135415	addons.manager	DEBUG	Starting provider: PreviousExperimentProvider
1483963135415	addons.manager	DEBUG	Registering shutdown blocker for PreviousExperimentProvider
1483963135415	addons.manager	DEBUG	Provider finished startup: PreviousExperimentProvider
1483963135418	DeferredSave.extensions.json	DEBUG	Write succeeded
1483963135418	addons.xpi-utils	DEBUG	XPI Database saved, setting schema version preference to 17
1483963135447	DeferredSave.addons.json	DEBUG	Starting write
1483963135463	DeferredSave.addons.json	DEBUG	Write succeeded

	at org.openqa.selenium.firefox.internal.NewProfileExtensionConnection.start(NewProfileExtensionConnection.java:112)
	... 27 more
]]>
    </error>
  </testcase> <!-- navigationCmd -->
  <testcase name="selectMethods" time="31.350" classname="browserCommands.BrowserTest"/>
</testsuite> <!-- browserCommands.BrowserTest -->
